<?xml version="1.0" encoding="UTF-8"?>
<!-- Generated by org.testng.reporters.JUnitXMLReporter -->
<testsuite hostname="LAPTOP-7N9NOA3S" ignored="0" name="Test" tests="3" failures="0" timestamp="2023-03-10T17:16:26 GMT" time="54.165" errors="0">
  <testcase name="insuranceCalculate" time="12.901" classname="insuranceCalculation_Motorcycle.EndToEndTests_motorcycle"/>
  <testcase name="insuranceCalculate" time="12.828" classname="insuranceCalculation_Motorcycle.EndToEndTests_motorcycle"/>
  <testcase name="insuranceCalculate" time="12.612" classname="insuranceCalculation_Motorcycle.EndToEndTests_motorcycle"/>
</testsuite> <!-- Test -->
