<?xml version="1.0" encoding="UTF-8"?>
<!-- Generated by org.testng.reporters.JUnitXMLReporter -->
<testsuite hostname="LAPTOP-7N9NOA3S" ignored="0" name="Test" tests="3" failures="3" timestamp="2023-03-03T22:44:54 GMT" time="52.042" errors="0">
  <testcase name="insuranceCalculate" time="12.787" classname="insuranceCalculation_Motorcycle.EndToEndTests_motorcycle">
    <failure type="java.lang.AssertionError" message="Pricing for gold plan is not matching. expected [238.00] but found []">
      <![CDATA[java.lang.AssertionError: Pricing for gold plan is not matching. expected [238.00] but found []
at insuranceCalculation_Motorcycle.EndToEndTests_motorcycle.insuranceCalculate(EndToEndTests_motorcycle.java:32)
at java.util.ArrayList.forEach(ArrayList.java:1259)
... Removed 35 stack frames]]>
    </failure>
  </testcase> <!-- insuranceCalculate -->
  <testcase name="insuranceCalculate" time="13.051" classname="insuranceCalculation_Motorcycle.EndToEndTests_motorcycle">
    <failure type="java.lang.AssertionError" message="Pricing for gold plan is not matching. expected [238.00] but found [793.00]">
      <![CDATA[java.lang.AssertionError: Pricing for gold plan is not matching. expected [238.00] but found [793.00]
at insuranceCalculation_Motorcycle.EndToEndTests_motorcycle.insuranceCalculate(EndToEndTests_motorcycle.java:32)
at java.util.ArrayList.forEach(ArrayList.java:1259)
... Removed 35 stack frames]]>
    </failure>
  </testcase> <!-- insuranceCalculate -->
  <testcase name="insuranceCalculate" time="12.66" classname="insuranceCalculation_Motorcycle.EndToEndTests_motorcycle">
    <failure type="java.lang.AssertionError" message="Pricing for gold plan is not matching. expected [87.00] but found [274.00]">
      <![CDATA[java.lang.AssertionError: Pricing for gold plan is not matching. expected [87.00] but found [274.00]
at insuranceCalculation_Motorcycle.EndToEndTests_motorcycle.insuranceCalculate(EndToEndTests_motorcycle.java:32)
at java.util.ArrayList.forEach(ArrayList.java:1259)
... Removed 35 stack frames]]>
    </failure>
  </testcase> <!-- insuranceCalculate -->
</testsuite> <!-- Test -->
