<?xml version="1.0" encoding="UTF-8"?>
<testsuite xmlns:xsi="http://www.w3.org/2001/XMLSchema-instance" xsi:noNamespaceSchemaLocation="https://maven.apache.org/surefire/maven-surefire-plugin/xsd/surefire-test-report.xsd" name="TestSuite" time="53.581" tests="3" errors="0" skipped="0" failures="3">
  <properties>
[...]
</properties>
  <testcase name="insuranceCalculate" classname="insuranceCalculation_Motorcycle.EndToEndTests_motorcycle" time="12.932">
    <failure message="Pricing for gold plan is not matching. expected [238.00] but found []" type="java.lang.AssertionError">java.lang.AssertionError: Pricing for gold plan is not matching. expected [238.00] but found []
	at insuranceCalculation_Motorcycle.EndToEndTests_motorcycle.insuranceCalculate(EndToEndTests_motorcycle.java:32)
</failure>
    <system-out><![CDATA[ChromeDriver: chrome on WINDOWS (cc4fe39670606023177120011f55e282)
]]></system-out>
    <system-err><![CDATA[SLF4J: Failed to load class "org.slf4j.impl.StaticLoggerBinder".
SLF4J: Defaulting to no-operation (NOP) logger implementation
SLF4J: See http://www.slf4j.org/codes.html#StaticLoggerBinder for further details.
Starting ChromeDriver 110.0.5481.77 (65ed616c6e8ee3fe0ad64fe83796c020644d42af-refs/branch-heads/5481@{#839}) on port 33973
Only local connections are allowed.
Please see https://chromedriver.chromium.org/security-considerations for suggestions on keeping ChromeDriver safe.
ChromeDriver was started successfully.
[1677883444.876][WARNING]: virtual void DevToolsClientImpl::AddListener(DevToolsEventListener *) subscribing a listener to the already connected DevToolsClient. Connection notification will not arrive.
Mar 03, 2023 10:44:04 PM org.openqa.selenium.remote.ProtocolHandshake createSession
INFO: Detected dialect: W3C
]]></system-err>
  </testcase>
  <testcase name="insuranceCalculate" classname="insuranceCalculation_Motorcycle.EndToEndTests_motorcycle" time="13.165">
    <failure message="Pricing for gold plan is not matching. expected [238.00] but found [793.00]" type="java.lang.AssertionError">java.lang.AssertionError: Pricing for gold plan is not matching. expected [238.00] but found [793.00]
	at insuranceCalculation_Motorcycle.EndToEndTests_motorcycle.insuranceCalculate(EndToEndTests_motorcycle.java:32)
</failure>
    <system-out><![CDATA[ChromeDriver: chrome on WINDOWS (18d226c5b35e4c2c3e02aa3125f8e855)
]]></system-out>
    <system-err><![CDATA[Starting ChromeDriver 110.0.5481.77 (65ed616c6e8ee3fe0ad64fe83796c020644d42af-refs/branch-heads/5481@{#839}) on port 47022
Only local connections are allowed.
Please see https://chromedriver.chromium.org/security-considerations for suggestions on keeping ChromeDriver safe.
ChromeDriver was started successfully.
[1677883461.905][WARNING]: virtual void DevToolsClientImpl::AddListener(DevToolsEventListener *) subscribing a listener to the already connected DevToolsClient. Connection notification will not arrive.
Mar 03, 2023 10:44:21 PM org.openqa.selenium.remote.ProtocolHandshake createSession
INFO: Detected dialect: W3C
]]></system-err>
  </testcase>
  <testcase name="insuranceCalculate" classname="insuranceCalculation_Motorcycle.EndToEndTests_motorcycle" time="12.816">
    <failure message="Pricing for gold plan is not matching. expected [87.00] but found [274.00]" type="java.lang.AssertionError">java.lang.AssertionError: Pricing for gold plan is not matching. expected [87.00] but found [274.00]
	at insuranceCalculation_Motorcycle.EndToEndTests_motorcycle.insuranceCalculate(EndToEndTests_motorcycle.java:32)
</failure>
    <system-out><![CDATA[ChromeDriver: chrome on WINDOWS (b483a338983a0dc82812a4e9dc51c50c)
]]></system-out>
    <system-err><![CDATA[Starting ChromeDriver 110.0.5481.77 (65ed616c6e8ee3fe0ad64fe83796c020644d42af-refs/branch-heads/5481@{#839}) on port 24823
Only local connections are allowed.
Please see https://chromedriver.chromium.org/security-considerations for suggestions on keeping ChromeDriver safe.
ChromeDriver was started successfully.
[1677883478.957][WARNING]: virtual void DevToolsClientImpl::AddListener(DevToolsEventListener *) subscribing a listener to the already connected DevToolsClient. Connection notification will not arrive.
Mar 03, 2023 10:44:38 PM org.openqa.selenium.remote.ProtocolHandshake createSession
INFO: Detected dialect: W3C
]]></system-err>
  </testcase>
</testsuite>