<?xml version="1.0" encoding="UTF-8"?>
<testng-results skipped="0" failed="0" ignored="0" total="1" passed="1">
  <reporter-output>
  </reporter-output>
  <suite name="Suite" duration-ms="36" started-at="2023-03-04T01:11:09 GMT" finished-at="2023-03-04T01:11:09 GMT">
    <groups>
    </groups>
    <test name="Test" duration-ms="36" started-at="2023-03-04T01:11:09 GMT" finished-at="2023-03-04T01:11:09 GMT">
      <class name="sample.FirstClass">
        <test-method status="PASS" signature="sample()[pri:0, instance:sample.FirstClass@1a3869f4]" name="sample" duration-ms="7" started-at="2023-03-04T01:11:09 GMT" finished-at="2023-03-04T01:11:09 GMT">
          <reporter-output>
          </reporter-output>
        </test-method> <!-- sample -->
      </class> <!-- sample.FirstClass -->
    </test> <!-- Test -->
  </suite> <!-- Suite -->
</testng-results>
